The operation couldn’t be completed. Unable to locate a Java Runtime that supports (null).
Please visit http://www.java.com for information on installing Java.

The operation couldn’t be completed. Unable to locate a Java Runtime that supports (null).
Please visit http://www.java.com for information on installing Java.

[ERROR] java.lang.NullPointerException: Cannot invoke method getNSlices() on null object
	at org.codehaus.groovy.runtime.NullObject.invokeMethod(NullObject.java:91)
	at org.codehaus.groovy.runtime.callsite.PogoMetaClassSite.call(PogoMetaClassSite.java:44)
	at org.codehaus.groovy.runtime.callsite.CallSiteArray.defaultCall(CallSiteArray.java:47)
	at org.codehaus.groovy.runtime.callsite.NullCallSite.call(NullCallSite.java:34)
	at org.codehaus.groovy.runtime.callsite.CallSiteArray.defaultCall(CallSiteArray.java:47)
	at org.codehaus.groovy.runtime.callsite.AbstractCallSite.call(AbstractCallSite.java:125)
	at org.codehaus.groovy.runtime.callsite.AbstractCallSite.call(AbstractCallSite.java:130)
	at measureWoundClosing.run(measureWoundClosing.groovy:67)
	at org.codehaus.groovy.jsr223.GroovyScriptEngineImpl.eval(GroovyScriptEngineImpl.java:317)
	at org.codehaus.groovy.jsr223.GroovyScriptEngineImpl.eval(GroovyScriptEngineImpl.java:155)
	at org.scijava.plugins.scripting.groovy.GroovyScriptLanguage$1.eval(GroovyScriptLanguage.java:97)
	at javax.script.AbstractScriptEngine.eval(AbstractScriptEngine.java:264)
	at org.scijava.script.ScriptModule.run(ScriptModule.java:173)
	at org.scijava.module.ModuleRunner.run(ModuleRunner.java:165)
	at org.scijava.module.ModuleRunner.call(ModuleRunner.java:125)
	at org.scijava.module.ModuleRunner.call(ModuleRunner.java:64)
	at org.scijava.thread.DefaultThreadService.lambda$wrap$2(DefaultThreadService.java:247)
	at java.util.concurrent.FutureTask.run(FutureTask.java:266)
	at java.util.concurrent.ThreadPoolExecutor.runWorker(ThreadPoolExecutor.java:1149)
	at java.util.concurrent.ThreadPoolExecutor$Worker.run(ThreadPoolExecutor.java:624)
	at java.lang.Thread.run(Thread.java:750)
