Processing dataset: C4ROI1_Fast
Contained files: C4ROI1_Fast_0009.tif C4ROI1_Fast_0008.tif C4ROI1_Fast_0005.tif C4ROI1_Fast_0011.tif C4ROI1_Fast_0010.tif C4ROI1_Fast_0004.tif C4ROI1_Fast_0006.tif C4ROI1_Fast_0007.tif C4ROI1_Fast_0003.tif C4ROI1_Fast_0002.tif C4ROI1_Fast_0000.tif C4ROI1_Fast_0001.tif
Fiji script: /Users/tischer/Documents/wound-healing-htm-screen/code/groovy/src/main/measureWoundClosing.groovy
The operation couldn’t be completed. Unable to locate a Java Runtime that supports (null).
Please visit http://www.java.com for information on installing Java.

The operation couldn’t be completed. Unable to locate a Java Runtime that supports (null).
Please visit http://www.java.com for information on installing Java.

[INFO] Overriding Leica ROI Reader; identifier: command:de.biovoxxel.utilities.RoiReader; jar: file:/Users/tischer/Desktop/Fiji/Fiji.app/plugins/Biovoxxel_Plugins-2.6.0.jar
[INFO] Overriding Create framed inset Zoom; identifier: command:inset.creator.Inset_Creator; jar: file:/Users/tischer/Desktop/Fiji/Fiji.app/plugins/BioVoxxel_Figure_Tools-1.13.1.jar
[INFO] Overriding Export SVG; identifier: command:svg.gui.SVGExporter; jar: file:/Users/tischer/Desktop/Fiji/Fiji.app/plugins/BioVoxxel_Figure_Tools-1.13.1.jar
[INFO] Overriding Export all images as SVG; identifier: command:svg.gui.BatchSvgExporter; jar: file:/Users/tischer/Desktop/Fiji/Fiji.app/plugins/BioVoxxel_Figure_Tools-1.13.1.jar
[INFO] Overriding Export time series as SVGs; identifier: command:svg.gui.TimeSeriesSvgExporter; jar: file:/Users/tischer/Desktop/Fiji/Fiji.app/plugins/BioVoxxel_Figure_Tools-1.13.1.jar
[INFO] Overriding Import images from SVG; identifier: command:svg.gui.SVGImageImporter; jar: file:/Users/tischer/Desktop/Fiji/Fiji.app/plugins/BioVoxxel_Figure_Tools-1.13.1.jar
[INFO] Overriding LUT Channels Tool; identifier: command:lut.tool.LutChannelsTool; jar: file:/Users/tischer/Desktop/Fiji/Fiji.app/plugins/BioVoxxel_Figure_Tools-1.13.1.jar
[INFO] Overriding Meta-D-Rex; identifier: command:metadataRecorder.MetadataRecorder; jar: file:/Users/tischer/Desktop/Fiji/Fiji.app/plugins/BioVoxxel_Figure_Tools-1.13.1.jar
[INFO] Overriding Start IJ Scale Bar; identifier: command:svg.gui.StartJIScaleBar; jar: file:/Users/tischer/Desktop/Fiji/Fiji.app/plugins/BioVoxxel_Figure_Tools-1.13.1.jar
Cell filter radius: 10
Scratch filter radius: 250
Opening: C4ROI1_Fast
Directory not found: ../../data/input
[ERROR] java.lang.NullPointerException: Cannot invoke method getNSlices() on null object
	at org.codehaus.groovy.runtime.NullObject.invokeMethod(NullObject.java:91)
	at org.codehaus.groovy.runtime.callsite.PogoMetaClassSite.call(PogoMetaClassSite.java:44)
	at org.codehaus.groovy.runtime.callsite.CallSiteArray.defaultCall(CallSiteArray.java:47)
	at org.codehaus.groovy.runtime.callsite.NullCallSite.call(NullCallSite.java:34)
	at org.codehaus.groovy.runtime.callsite.CallSiteArray.defaultCall(CallSiteArray.java:47)
	at org.codehaus.groovy.runtime.callsite.AbstractCallSite.call(AbstractCallSite.java:125)
	at org.codehaus.groovy.runtime.callsite.AbstractCallSite.call(AbstractCallSite.java:130)
	at measureWoundClosing.run(measureWoundClosing.groovy:67)
	at org.codehaus.groovy.jsr223.GroovyScriptEngineImpl.eval(GroovyScriptEngineImpl.java:317)
	at org.codehaus.groovy.jsr223.GroovyScriptEngineImpl.eval(GroovyScriptEngineImpl.java:155)
	at org.scijava.plugins.scripting.groovy.GroovyScriptLanguage$1.eval(GroovyScriptLanguage.java:97)
	at javax.script.AbstractScriptEngine.eval(AbstractScriptEngine.java:264)
	at org.scijava.script.ScriptModule.run(ScriptModule.java:173)
	at org.scijava.module.ModuleRunner.run(ModuleRunner.java:165)
	at org.scijava.module.ModuleRunner.call(ModuleRunner.java:125)
	at org.scijava.module.ModuleRunner.call(ModuleRunner.java:64)
	at org.scijava.thread.DefaultThreadService.lambda$wrap$2(DefaultThreadService.java:247)
	at java.util.concurrent.FutureTask.run(FutureTask.java:266)
	at java.util.concurrent.ThreadPoolExecutor.runWorker(ThreadPoolExecutor.java:1149)
	at java.util.concurrent.ThreadPoolExecutor$Worker.run(ThreadPoolExecutor.java:624)
	at java.lang.Thread.run(Thread.java:750)
Done:  C4ROI1_Fast
